\BOOKMARK [1][-]{section.1}{\376\377\000I\000n\000t\000r\000o\000d\000u\000c\000c\000i\000\363\000n}{}% 1
\BOOKMARK [2][-]{subsection.1.1}{\376\377\000C\000o\000n\000t\000e\000x\000t\000o\000\040\000y\000\040\000J\000u\000s\000t\000i\000f\000i\000c\000a\000c\000i\000\363\000n\000\040\000d\000e\000l\000\040\000t\000r\000a\000b\000a\000j\000o}{section.1}% 2
\BOOKMARK [3][-]{subsubsection.1.1.1}{\376\377\000P\000u\000n\000t\000o\000\040\000d\000e\000\040\000p\000a\000r\000t\000i\000d\000a}{subsection.1.1}% 3
\BOOKMARK [3][-]{subsubsection.1.1.2}{\376\377\000A\000p\000o\000r\000t\000a\000c\000i\000\363\000n\000\040\000r\000e\000a\000l\000i\000z\000a\000d\000a}{subsection.1.1}% 4
\BOOKMARK [2][-]{subsection.1.2}{\376\377\000O\000b\000j\000e\000t\000i\000v\000o\000s\000\040\000d\000e\000l\000\040\000T\000r\000a\000b\000a\000j\000o}{section.1}% 5
\BOOKMARK [3][-]{subsubsection.1.2.1}{\376\377\000O\000b\000j\000e\000t\000i\000v\000o\000s\000\040\000G\000e\000n\000e\000r\000a\000l\000e\000s}{subsection.1.2}% 6
\BOOKMARK [3][-]{subsubsection.1.2.2}{\376\377\000O\000b\000j\000e\000t\000i\000v\000o\000s\000\040\000E\000s\000p\000e\000c\000\355\000f\000i\000c\000o\000s}{subsection.1.2}% 7
\BOOKMARK [3][-]{subsubsection.1.2.3}{\376\377\000O\000b\000j\000e\000t\000i\000v\000o\000\040\000d\000e\000\040\000S\000o\000s\000t\000e\000n\000i\000b\000i\000l\000i\000d\000a\000d\000\040\000y\000\040\000\311\000t\000i\000c\000a}{subsection.1.2}% 8
\BOOKMARK [3][-]{subsubsection.1.2.4}{\376\377\000O\000b\000j\000e\000t\000i\000v\000o\000s\000\040\000d\000e\000\040\000E\000n\000t\000r\000e\000g\000a\000\040\000d\000e\000l\000\040\000P\000r\000o\000y\000e\000c\000t\000o}{subsection.1.2}% 9
\BOOKMARK [3][-]{subsubsection.1.2.5}{\376\377\000O\000b\000j\000e\000t\000i\000v\000o\000s\000\040\000q\000u\000e\000\040\000D\000e\000b\000e\000\040\000C\000u\000m\000p\000l\000i\000r\000\040\000e\000l\000\040\000S\000i\000s\000t\000e\000m\000a\000\040\000I\000m\000p\000l\000e\000m\000e\000n\000t\000a\000d\000o}{subsection.1.2}% 10
\BOOKMARK [2][-]{subsection.1.3}{\376\377\000I\000m\000p\000a\000c\000t\000o\000\040\000e\000n\000\040\000s\000o\000s\000t\000e\000n\000i\000b\000i\000l\000i\000d\000a\000d\000,\000\040\000\351\000t\000i\000c\000o\000-\000s\000o\000c\000i\000a\000l\000\040\000y\000\040\000d\000e\000\040\000d\000i\000v\000e\000r\000s\000i\000d\000a\000d}{section.1}% 11
\BOOKMARK [2][-]{subsection.1.4}{\376\377\000E\000n\000f\000o\000q\000u\000e\000\040\000y\000\040\000m\000\351\000t\000o\000d\000o\000\040\000s\000e\000g\000u\000i\000d\000o}{section.1}% 12
\BOOKMARK [2][-]{subsection.1.5}{\376\377\000P\000l\000a\000n\000i\000f\000i\000c\000a\000c\000i\000\363\000n\000\040\000d\000e\000l\000\040\000T\000r\000a\000b\000a\000j\000o}{section.1}% 13
\BOOKMARK [2][-]{subsection.1.6}{\376\377\000A\000n\000\341\000l\000i\000s\000i\000s\000\040\000d\000e\000\040\000r\000i\000e\000s\000g\000o\000\040\000d\000e\000l\000\040\000p\000r\000o\000y\000e\000c\000t\000o}{section.1}% 14
\BOOKMARK [2][-]{subsection.1.7}{\376\377\000D\000e\000s\000c\000r\000i\000p\000c\000i\000\363\000n\000\040\000d\000e\000\040\000l\000o\000s\000\040\000c\000a\000p\000\355\000t\000u\000l\000o\000s}{section.1}% 15
\BOOKMARK [2][-]{subsection.1.8}{\376\377\000H\000e\000r\000r\000a\000m\000i\000e\000n\000t\000a\000s\000\040\000u\000s\000a\000d\000a\000s}{section.1}% 16
\BOOKMARK [3][-]{subsubsection.1.8.1}{\376\377\000G\000e\000s\000t\000i\000\363\000n\000\040\000d\000e\000\040\000P\000r\000o\000y\000e\000c\000t\000o\000s\000\040\000y\000\040\000C\000o\000l\000a\000b\000o\000r\000a\000c\000i\000\363\000n}{subsection.1.8}% 17
\BOOKMARK [3][-]{subsubsection.1.8.2}{\376\377\000D\000e\000s\000a\000r\000r\000o\000l\000l\000o\000\040\000y\000\040\000C\000o\000n\000t\000r\000o\000l\000\040\000d\000e\000\040\000V\000e\000r\000s\000i\000o\000n\000e\000s}{subsection.1.8}% 18
\BOOKMARK [3][-]{subsubsection.1.8.3}{\376\377\000V\000i\000r\000t\000u\000a\000l\000i\000z\000a\000c\000i\000\363\000n\000\040\000y\000\040\000S\000i\000s\000t\000e\000m\000a\000s\000\040\000O\000p\000e\000r\000a\000t\000i\000v\000o\000s}{subsection.1.8}% 19
\BOOKMARK [3][-]{subsubsection.1.8.4}{\376\377\000C\000r\000e\000a\000c\000i\000\363\000n\000\040\000d\000e\000\040\000C\000o\000n\000t\000e\000n\000i\000d\000o\000s\000\040\000y\000\040\000P\000r\000e\000s\000e\000n\000t\000a\000c\000i\000o\000n\000e\000s}{subsection.1.8}% 20
\BOOKMARK [3][-]{subsubsection.1.8.5}{\376\377\000B\000a\000c\000k\000u\000p\000\040\000y\000\040\000R\000e\000c\000u\000p\000e\000r\000a\000c\000i\000\363\000n\000\040\000d\000e\000\040\000D\000a\000t\000o\000s}{subsection.1.8}% 21
\BOOKMARK [1][-]{section.2}{\376\377\000E\000s\000t\000a\000d\000o\000\040\000d\000e\000l\000\040\000a\000r\000t\000e}{}% 22
\BOOKMARK [2][-]{subsection.2.1}{\376\377\000H\000i\000s\000t\000o\000r\000i\000a}{section.2}% 23
\BOOKMARK [3][-]{subsubsection.2.1.1}{\376\377\000E\000l\000\040\000g\000\351\000n\000e\000s\000i\000s\000\040\000\050\0001\0009\0008\0006\000-\0002\0000\0000\0005\000\051}{subsection.2.1}% 24
\BOOKMARK [3][-]{subsubsection.2.1.2}{\376\377\000A\000u\000m\000e\000n\000t\000o\000\040\000d\000e\000\040\000l\000a\000\040\000p\000r\000o\000p\000a\000g\000a\000c\000i\000\363\000n\000\040\000y\000\040\000s\000o\000f\000i\000s\000t\000i\000c\000a\000c\000i\000\363\000n\000\040\000\050\0002\0000\0000\0005\000-\0002\0000\0001\0000\000\051}{subsection.2.1}% 25
\BOOKMARK [3][-]{subsubsection.2.1.3}{\376\377\000E\000l\000\040\000A\000u\000g\000e\000\040\000d\000e\000l\000\040\000C\000r\000y\000p\000t\000o\000-\000r\000a\000n\000s\000o\000m\000w\000a\000r\000e\000\040\000\050\0002\0000\0001\0001\000-\0002\0000\0001\0006\000\051}{subsection.2.1}% 26
\BOOKMARK [3][-]{subsubsection.2.1.4}{\376\377\000E\000x\000p\000a\000n\000s\000i\000o\000n\000\040\000g\000l\000o\000b\000a\000l\000\040\000\050\0002\0000\0001\0007\000-\000p\000r\000e\000s\000e\000n\000t\000e\000\051}{subsection.2.1}% 27
\BOOKMARK [2][-]{subsection.2.2}{\376\377\000T\000i\000p\000o\000s\000\040\000d\000e\000\040\000r\000a\000n\000s\000o\000m\000w\000a\000r\000e}{section.2}% 28
\BOOKMARK [3][-]{subsubsection.2.2.1}{\376\377\000L\000o\000c\000k\000e\000r\000\040\000r\000a\000n\000s\000o\000m\000w\000a\000r\000e}{subsection.2.2}% 29
\BOOKMARK [3][-]{subsubsection.2.2.2}{\376\377\000C\000r\000y\000p\000t\000o\000\040\000R\000a\000n\000s\000o\000m\000w\000a\000r\000e}{subsection.2.2}% 30
\BOOKMARK [3][-]{subsubsection.2.2.3}{\376\377\000S\000c\000a\000r\000e\000w\000a\000r\000e}{subsection.2.2}% 31
\BOOKMARK [2][-]{subsection.2.3}{\376\377\000F\000u\000n\000c\000i\000o\000n\000a\000m\000i\000e\000n\000t\000o\000\040\000d\000e\000l\000\040\000r\000a\000n\000s\000o\000m\000w\000a\000r\000e}{section.2}% 32
\BOOKMARK [3][-]{subsubsection.2.3.1}{\376\377\000E\000t\000a\000p\000a\000s}{subsection.2.3}% 33
\BOOKMARK [3][-]{subsubsection.2.3.2}{\376\377\000V\000e\000c\000t\000o\000r\000e\000s\000\040\000d\000e\000\040\000a\000t\000a\000q\000u\000e}{subsection.2.3}% 34
\BOOKMARK [2][-]{subsection.2.4}{\376\377\000I\000m\000p\000a\000c\000t\000o\000\040\000s\000o\000c\000i\000a\000l\000\040\000d\000e\000l\000\040\000r\000a\000n\000s\000o\000m\000w\000a\000r\000e}{section.2}% 35
\BOOKMARK [2][-]{subsection.2.5}{\376\377\000M\000e\000d\000i\000d\000a\000s\000\040\000p\000r\000e\000v\000e\000n\000t\000i\000v\000a\000s\000\040\000a\000n\000t\000e\000\040\000e\000l\000\040\000s\000o\000f\000t\000w\000a\000r\000e}{section.2}% 36
\BOOKMARK [3][-]{subsubsection.2.5.1}{\376\377\000S\000e\000g\000u\000r\000i\000d\000a\000d\000\040\000P\000e\000r\000i\000m\000e\000t\000r\000a\000l}{subsection.2.5}% 37
\BOOKMARK [3][-]{subsubsection.2.5.2}{\376\377\000G\000e\000s\000t\000i\000\363\000n\000\040\000d\000e\000\040\000P\000a\000r\000c\000h\000e\000s\000\040\000y\000\040\000A\000c\000t\000u\000a\000l\000i\000z\000a\000c\000i\000o\000n\000e\000s}{subsection.2.5}% 38
\BOOKMARK [3][-]{subsubsection.2.5.3}{\376\377\000S\000e\000g\000u\000r\000i\000d\000a\000d\000\040\000d\000e\000\040\000E\000n\000d\000p\000o\000i\000n\000t}{subsection.2.5}% 39
\BOOKMARK [3][-]{subsubsection.2.5.4}{\376\377\000C\000o\000n\000t\000r\000o\000l\000\040\000d\000e\000\040\000A\000c\000c\000e\000s\000o\000s\000\040\000y\000\040\000P\000r\000i\000v\000i\000l\000e\000g\000i\000o\000s\000\040\000d\000e\000\040\000U\000s\000u\000a\000r\000i\000o}{subsection.2.5}% 40
\BOOKMARK [3][-]{subsubsection.2.5.5}{\376\377\000C\000o\000p\000i\000a\000s\000\040\000d\000e\000\040\000S\000e\000g\000u\000r\000i\000d\000a\000d\000\040\000y\000\040\000R\000e\000c\000u\000p\000e\000r\000a\000c\000i\000\363\000n\000\040\000d\000e\000\040\000D\000a\000t\000o\000s}{subsection.2.5}% 41
\BOOKMARK [2][-]{subsection.2.6}{\376\377\000M\000e\000d\000i\000d\000a\000s\000\040\000r\000e\000a\000c\000t\000i\000v\000a\000s\000\040\000a\000n\000t\000e\000\040\000e\000l\000\040\000r\000a\000n\000s\000o\000m\000w\000a\000r\000e}{section.2}% 42
\BOOKMARK [3][-]{subsubsection.2.6.1}{\376\377\000D\000e\000t\000e\000c\000c\000i\000\363\000n\000\040\000y\000\040\000A\000n\000\341\000l\000i\000s\000i\000s\000\040\000d\000e\000l\000\040\000A\000t\000a\000q\000u\000e}{subsection.2.6}% 43
\BOOKMARK [3][-]{subsubsection.2.6.2}{\376\377\000C\000o\000n\000t\000e\000n\000c\000i\000\363\000n\000\040\000y\000\040\000E\000r\000r\000a\000d\000i\000c\000a\000c\000i\000\363\000n}{subsection.2.6}% 44
\BOOKMARK [3][-]{subsubsection.2.6.3}{\376\377\000R\000e\000c\000u\000p\000e\000r\000a\000c\000i\000\363\000n\000\040\000d\000e\000\040\000D\000a\000t\000o\000s}{subsection.2.6}% 45
\BOOKMARK [3][-]{subsubsection.2.6.4}{\376\377\000N\000o\000t\000i\000f\000i\000c\000a\000c\000i\000\363\000n\000\040\000y\000\040\000C\000o\000m\000u\000n\000i\000c\000a\000c\000i\000\363\000n}{subsection.2.6}% 46
\BOOKMARK [2][-]{subsection.2.7}{\376\377\000R\000e\000c\000o\000m\000e\000n\000d\000a\000c\000i\000o\000n\000e\000s\000\040\000a\000n\000t\000e\000\040\000e\000l\000\040\000r\000a\000n\000s\000o\000m\000w\000a\000r\000e}{section.2}% 47
\BOOKMARK [2][-]{subsection.2.8}{\376\377\000D\000e\000t\000e\000c\000c\000i\000\363\000n\000\040\000d\000e\000l\000\040\000r\000a\000n\000s\000o\000m\000w\000a\000r\000e}{section.2}% 48
\BOOKMARK [2][-]{subsection.2.9}{\376\377\000E\000j\000e\000m\000p\000l\000o\000s\000\040\000d\000e\000\040\000r\000a\000n\000s\000o\000m\000w\000a\000r\000e}{section.2}% 49
\BOOKMARK [2][-]{subsection.2.10}{\376\377\000R\000e\000s\000p\000o\000n\000s\000a\000b\000i\000l\000i\000d\000a\000d\000\040\000L\000e\000g\000a\000l\000\040\000y\000\040\000R\000a\000n\000s\000o\000m\000w\000a\000r\000e}{section.2}% 50
\BOOKMARK [3][-]{subsubsection.2.10.1}{\376\377\000M\000a\000r\000c\000o\000s\000\040\000L\000e\000g\000a\000l\000e\000s\000\040\000d\000e\000\040\000P\000r\000o\000t\000e\000c\000c\000i\000\363\000n\000\040\000d\000e\000\040\000D\000a\000t\000o\000s}{subsection.2.10}% 51
\BOOKMARK [3][-]{subsubsection.2.10.2}{\376\377\000C\000o\000n\000s\000e\000c\000u\000e\000n\000c\000i\000a\000s\000\040\000d\000e\000\040\000u\000n\000\040\000A\000t\000a\000q\000u\000e\000\040\000d\000e\000\040\000R\000a\000n\000s\000o\000m\000w\000a\000r\000e}{subsection.2.10}% 52
\BOOKMARK [3][-]{subsubsection.2.10.3}{\376\377\000E\000l\000\040\000D\000e\000r\000e\000c\000h\000o\000\040\000a\000\040\000l\000a\000\040\000P\000r\000o\000t\000e\000c\000c\000i\000\363\000n\000\040\000d\000e\000\040\000D\000a\000t\000o\000s}{subsection.2.10}% 53
\BOOKMARK [3][-]{subsubsection.2.10.4}{\376\377\000R\000e\000s\000p\000o\000n\000s\000a\000b\000l\000e\000\040\000d\000e\000l\000\040\000T\000r\000a\000t\000a\000m\000i\000e\000n\000t\000o\000\040\000d\000e\000\040\000D\000a\000t\000o\000s}{subsection.2.10}% 54
\BOOKMARK [3][-]{subsubsection.2.10.5}{\376\377\000P\000r\000o\000c\000e\000d\000i\000m\000i\000e\000n\000t\000o\000s\000\040\000y\000\040\000S\000a\000n\000c\000i\000o\000n\000e\000s}{subsection.2.10}% 55
\BOOKMARK [3][-]{subsubsection.2.10.6}{\376\377\000D\000e\000n\000u\000n\000c\000i\000a\000\040\000d\000e\000\040\000A\000t\000a\000q\000u\000e\000s\000\040\000d\000e\000\040\000R\000a\000n\000s\000o\000m\000w\000a\000r\000e}{subsection.2.10}% 56
\BOOKMARK [1][-]{section.3}{\376\377\000B\000a\000c\000u\000l\000a}{}% 57
\BOOKMARK [2][-]{subsection.3.1}{\376\377\000C\000a\000r\000a\000c\000t\000e\000r\000\355\000s\000t\000i\000c\000a\000s\000\040\000I\000m\000p\000l\000e\000m\000e\000n\000t\000a\000d\000a\000s}{section.3}% 58
\BOOKMARK [2][-]{subsection.3.2}{\376\377\000R\000e\000s\000t\000r\000i\000c\000c\000i\000o\000n\000e\000s\000\040\000A\000c\000t\000u\000a\000l\000e\000s\000\040\000y\000\040\000L\000i\000m\000i\000t\000a\000c\000i\000o\000n\000e\000s\000\040\000d\000e\000\040\000D\000i\000s\000e\000\361\000o}{section.3}% 59
\BOOKMARK [1][-]{section.4}{\376\377\000A\000r\000q\000u\000i\000t\000e\000c\000t\000u\000r\000a\000\040\000d\000e\000\040\000n\000u\000e\000s\000t\000r\000o\000\040\000s\000i\000s\000t\000e\000m\000a}{}% 60
\BOOKMARK [2][-]{subsection.4.1}{\376\377\000I\000m\000p\000l\000e\000m\000e\000n\000t\000a\000c\000i\000\363\000n\000\040\000d\000e\000\040\000l\000o\000s\000\040\000D\000e\000m\000o\000n\000i\000o\000s\000\040\000d\000e\000\040\000B\000a\000c\000u\000l\000a}{section.4}% 61
\BOOKMARK [3][-]{subsubsection.4.1.1}{\376\377\000D\000i\000r\000e\000c\000t\000o\000r\000\040\000d\000e\000\040\000B\000a\000c\000u\000l\000a}{subsection.4.1}% 62
\BOOKMARK [3][-]{subsubsection.4.1.2}{\376\377\000D\000e\000m\000o\000n\000i\000o\000\040\000d\000e\000\040\000A\000l\000m\000a\000c\000e\000n\000a\000m\000i\000e\000n\000t\000o\000\040\000d\000e\000\040\000B\000a\000c\000u\000l\000a}{subsection.4.1}% 63
\BOOKMARK [3][-]{subsubsection.4.1.3}{\376\377\000C\000a\000t\000\341\000l\000o\000g\000o\000\040\000d\000e\000\040\000B\000a\000c\000u\000l\000a}{subsection.4.1}% 64
\BOOKMARK [3][-]{subsubsection.4.1.4}{\376\377\000C\000o\000n\000s\000o\000l\000a\000\040\000d\000e\000\040\000B\000a\000c\000u\000l\000a}{subsection.4.1}% 65
\BOOKMARK [3][-]{subsubsection.4.1.5}{\376\377\000C\000l\000i\000e\000n\000t\000e\000\040\000d\000e\000\040\000B\000a\000c\000u\000l\000a}{subsection.4.1}% 66
\BOOKMARK [2][-]{subsection.4.2}{\376\377\000T\000i\000p\000o\000s\000\040\000d\000e\000\040\000b\000a\000c\000k\000u\000p}{section.4}% 67
\BOOKMARK [3][-]{subsubsection.4.2.1}{\376\377\000C\000o\000m\000p\000l\000e\000t\000a\000\040\000\050\000F\000u\000l\000l\000\051}{subsection.4.2}% 68
\BOOKMARK [3][-]{subsubsection.4.2.2}{\376\377\000D\000i\000f\000e\000r\000e\000n\000c\000i\000a\000l}{subsection.4.2}% 69
\BOOKMARK [3][-]{subsubsection.4.2.3}{\376\377\000I\000n\000c\000r\000e\000m\000e\000n\000t\000a\000l}{subsection.4.2}% 70
\BOOKMARK [3][-]{subsubsection.4.2.4}{\376\377\000M\000i\000x\000t\000a}{subsection.4.2}% 71
\BOOKMARK [3][-]{subsubsection.4.2.5}{\376\377\000I\000m\000p\000l\000e\000m\000e\000n\000t\000a\000c\000i\000\363\000n\000\040\000d\000e\000\040\000E\000s\000t\000r\000a\000t\000e\000g\000i\000a\000s\000\040\000d\000e\000\040\000B\000a\000c\000k\000u\000p\000s\000\040\000e\000n\000\040\000B\000a\000c\000u\000l\000a}{subsection.4.2}% 72
\BOOKMARK [1][-]{section.5}{\376\377\000I\000m\000p\000l\000e\000m\000e\000n\000t\000a\000c\000i\000\363\000n\000\040\000d\000e\000\040\000B\000a\000c\000u\000l\000a}{}% 73
\BOOKMARK [2][-]{subsection.5.1}{\376\377\000C\000o\000n\000f\000i\000g\000u\000r\000a\000c\000i\000\363\000n\000\040\000d\000e\000\040\000B\000a\000c\000k\000u\000p\000s\000\040\000e\000n\000\040\000B\000a\000c\000u\000l\000a}{section.5}% 74
\BOOKMARK [3][-]{subsubsection.5.1.1}{\376\377\000D\000e\000f\000i\000n\000i\000c\000i\000\363\000n\000\040\000d\000e\000\040\000C\000o\000n\000j\000u\000n\000t\000o\000s\000\040\000d\000e\000\040\000A\000r\000c\000h\000i\000v\000o\000s\000\040\000\050\000F\000i\000l\000e\000\040\000S\000e\000t\000s\000\051}{subsection.5.1}% 75
\BOOKMARK [3][-]{subsubsection.5.1.2}{\376\377\000P\000r\000o\000g\000r\000a\000m\000a\000c\000i\000\363\000n\000\040\000d\000e\000\040\000B\000a\000c\000k\000u\000p\000s}{subsection.5.1}% 76
\BOOKMARK [3][-]{subsubsection.5.1.3}{\376\377\000C\000l\000i\000e\000n\000t\000e\000s\000\040\000R\000e\000s\000p\000a\000l\000d\000a\000d\000o\000s}{subsection.5.1}% 77
\BOOKMARK [3][-]{subsubsection.5.1.4}{\376\377\000C\000r\000e\000a\000c\000i\000\363\000n\000\040\000y\000\040\000C\000o\000n\000f\000i\000g\000u\000r\000a\000c\000i\000\363\000n\000\040\000d\000e\000\040\000J\000o\000b\000s\000\040\000d\000e\000\040\000R\000e\000s\000p\000a\000l\000d\000o}{subsection.5.1}% 78
\BOOKMARK [3][-]{subsubsection.5.1.5}{\376\377\000E\000j\000e\000c\000u\000c\000i\000\363\000n\000\040\000d\000e\000\040\000u\000n\000\040\000J\000o\000b\000\040\000d\000e\000\040\000R\000e\000s\000p\000a\000l\000d\000o}{subsection.5.1}% 79
\BOOKMARK [2][-]{subsection.5.2}{\376\377\000R\000e\000s\000t\000o\000r\000e\000\040\000e\000n\000\040\000u\000n\000\040\000C\000l\000i\000e\000n\000t\000e\000\040\000L\000i\000n\000u\000x}{section.5}% 80
\BOOKMARK [2][-]{subsection.5.3}{\376\377\000B\000a\000c\000k\000u\000p\000\040\000y\000\040\000R\000e\000s\000t\000a\000u\000r\000a\000c\000i\000\363\000n\000\040\000d\000e\000\040\000B\000a\000s\000e\000s\000\040\000d\000e\000\040\000D\000a\000t\000o\000s}{section.5}% 81
\BOOKMARK [1][-]{section.6}{\376\377\000D\000R\000P}{}% 82
\BOOKMARK [2][-]{subsection.6.1}{\376\377\000D\000i\000s\000a\000s\000t\000e\000r\000\040\000R\000e\000c\000o\000v\000e\000r\000y\000\040\000P\000l\000a\000n\000\040\000c\000o\000n\000\040\000B\000a\000c\000u\000l\000a}{section.6}% 83
\BOOKMARK [2][-]{subsection.6.2}{\376\377\000E\000v\000a\000l\000u\000a\000c\000i\000\363\000n\000\040\000d\000e\000\040\000R\000i\000e\000s\000g\000o\000s}{section.6}% 84
\BOOKMARK [3][-]{subsubsection.6.2.1}{\376\377\000I\000d\000e\000n\000t\000i\000f\000i\000c\000a\000c\000i\000\363\000n\000\040\000d\000e\000\040\000R\000i\000e\000s\000g\000o\000s}{subsection.6.2}% 85
\BOOKMARK [3][-]{subsubsection.6.2.2}{\376\377\000A\000n\000\341\000l\000i\000s\000i\000s\000\040\000d\000e\000\040\000R\000i\000e\000s\000g\000o\000s}{subsection.6.2}% 86
\BOOKMARK [2][-]{subsection.6.3}{\376\377\000S\000o\000l\000u\000c\000i\000o\000n\000e\000s\000\040\000d\000e\000\040\000B\000a\000c\000u\000l\000a\000\040\000p\000a\000r\000a\000\040\000l\000a\000\040\000R\000e\000c\000u\000p\000e\000r\000a\000c\000i\000\363\000n}{section.6}% 87
\BOOKMARK [3][-]{subsubsection.6.3.1}{\376\377\000R\000e\000s\000t\000a\000u\000r\000a\000c\000i\000\363\000n\000\040\000d\000e\000l\000\040\000C\000a\000t\000\341\000l\000o\000g\000o\000\040\000m\000e\000d\000i\000a\000n\000t\000e\000\040\000u\000n\000\040\000B\000a\000c\000k\000u\000p}{subsection.6.3}% 88
\BOOKMARK [3][-]{subsubsection.6.3.2}{\376\377\000R\000e\000s\000t\000a\000u\000r\000a\000c\000i\000\363\000n\000\040\000d\000e\000l\000\040\000C\000a\000t\000\341\000l\000o\000g\000o\000\040\000s\000i\000n\000\040\000u\000n\000\040\000B\000a\000c\000k\000u\000p}{subsection.6.3}% 89
\BOOKMARK [3][-]{subsubsection.6.3.3}{\376\377\000R\000e\000c\000u\000p\000e\000r\000a\000c\000i\000\363\000n\000\040\000d\000e\000\040\000A\000r\000c\000h\000i\000v\000o\000s\000\040\000R\000e\000s\000p\000a\000l\000d\000a\000d\000o\000s\000\040\000s\000i\000n\000\040\000u\000n\000\040\000C\000a\000t\000\341\000l\000o\000g\000o}{subsection.6.3}% 90
\BOOKMARK [1][-]{section.7}{\376\377\000C\000o\000m\000p\000r\000e\000s\000i\000\363\000n}{}% 91
\BOOKMARK [2][-]{subsection.7.1}{\376\377\000L\000a\000\040\000C\000o\000m\000p\000r\000e\000s\000i\000\363\000n\000\040\000e\000n\000\040\000B\000a\000c\000u\000l\000a}{section.7}% 92
\BOOKMARK [1][-]{section.8}{\376\377\000V\000e\000l\000o\000c\000i\000d\000a\000d\000\040\000d\000e\000\040\000B\000a\000c\000k\000u\000p\000\040\000y\000\040\000R\000e\000s\000t\000o\000r\000e\000\040}{}% 93
\BOOKMARK [2][-]{subsection.8.1}{\376\377\000C\000o\000n\000c\000e\000p\000t\000o\000\040\000d\000e\000\040\000l\000a\000\040\000V\000e\000l\000o\000c\000i\000d\000a\000d\000\040\000d\000e\000\040\000B\000a\000c\000k\000u\000p\000\040\000y\000\040\000R\000e\000s\000t\000o\000r\000e}{section.8}% 94
\BOOKMARK [3][-]{subsubsection.8.1.1}{\376\377\000I\000m\000p\000o\000r\000t\000a\000n\000c\000i\000a\000\040\000d\000e\000\040\000l\000a\000\040\000V\000e\000l\000o\000c\000i\000d\000a\000d}{subsection.8.1}% 95
\BOOKMARK [3][-]{subsubsection.8.1.2}{\376\377\000I\000m\000p\000a\000c\000t\000o\000\040\000e\000n\000\040\000l\000a\000\040\000O\000p\000e\000r\000a\000t\000i\000v\000i\000d\000a\000d\000\040\000y\000\040\000R\000e\000c\000u\000p\000e\000r\000a\000c\000i\000\363\000n\000\040\000a\000n\000t\000e\000\040\000D\000e\000s\000a\000s\000t\000r\000e\000s}{subsection.8.1}% 96
\BOOKMARK [3][-]{subsubsection.8.1.3}{\376\377\000D\000i\000f\000e\000r\000e\000n\000c\000i\000a\000s\000\040\000e\000n\000t\000r\000e\000\040\000V\000e\000l\000o\000c\000i\000d\000a\000d\000\040\000d\000e\000\040\000B\000a\000c\000k\000u\000p\000\040\000y\000\040\000V\000e\000l\000o\000c\000i\000d\000a\000d\000\040\000d\000e\000\040\000R\000e\000s\000t\000o\000r\000e}{subsection.8.1}% 97
\BOOKMARK [2][-]{subsection.8.2}{\376\377\000F\000a\000c\000t\000o\000r\000e\000s\000\040\000q\000u\000e\000\040\000A\000f\000e\000c\000t\000a\000n\000\040\000l\000a\000\040\000V\000e\000l\000o\000c\000i\000d\000a\000d\000\040\000e\000n\000\040\000B\000a\000c\000u\000l\000a}{section.8}% 98
\BOOKMARK [3][-]{subsubsection.8.2.1}{\376\377\000I\000n\000f\000l\000u\000e\000n\000c\000i\000a\000\040\000d\000e\000l\000\040\000H\000a\000r\000d\000w\000a\000r\000e}{subsection.8.2}% 99
\BOOKMARK [3][-]{subsubsection.8.2.2}{\376\377\000T\000a\000m\000a\000\361\000o\000\040\000y\000\040\000T\000i\000p\000o\000\040\000d\000e\000\040\000D\000a\000t\000o\000s}{subsection.8.2}% 100
\BOOKMARK [3][-]{subsubsection.8.2.3}{\376\377\000S\000o\000f\000t\000w\000a\000r\000e\000\040\000d\000e\000\040\000B\000a\000c\000k\000u\000p\000\040\000y\000\040\000C\000o\000n\000f\000i\000g\000u\000r\000a\000c\000i\000\363\000n}{subsection.8.2}% 101
\BOOKMARK [3][-]{subsubsection.8.2.4}{\376\377\000C\000o\000n\000c\000u\000r\000r\000e\000n\000c\000i\000a\000\040\000y\000\040\000M\000u\000l\000t\000i\000t\000a\000s\000k\000i\000n\000g}{subsection.8.2}% 102
\BOOKMARK [2][-]{subsection.8.3}{\376\377\000M\000e\000d\000i\000c\000i\000\363\000n\000\040\000d\000e\000\040\000l\000a\000\040\000V\000e\000l\000o\000c\000i\000d\000a\000d\000\040\000e\000n\000\040\000B\000a\000c\000u\000l\000a}{section.8}% 103
\BOOKMARK [3][-]{subsubsection.8.3.1}{\376\377\000M\000e\000t\000o\000d\000o\000l\000o\000g\000\355\000a\000s\000\040\000y\000\040\000H\000e\000r\000r\000a\000m\000i\000e\000n\000t\000a\000s\000\040\000p\000a\000r\000a\000\040\000l\000a\000\040\000M\000e\000d\000i\000c\000i\000\363\000n}{subsection.8.3}% 104
\BOOKMARK [3][-]{subsubsection.8.3.2}{\376\377\000I\000m\000p\000o\000r\000t\000a\000n\000c\000i\000a\000\040\000d\000e\000\040\000l\000a\000s\000\040\000P\000r\000u\000e\000b\000a\000s\000\040\000R\000e\000g\000u\000l\000a\000r\000e\000s}{subsection.8.3}% 105
\BOOKMARK [2][-]{subsection.8.4}{\376\377\000E\000s\000t\000r\000a\000t\000e\000g\000i\000a\000s\000\040\000p\000a\000r\000a\000\040\000M\000e\000j\000o\000r\000a\000r\000\040\000l\000a\000\040\000V\000e\000l\000o\000c\000i\000d\000a\000d\000\040\000d\000e\000\040\000B\000a\000c\000k\000u\000p\000\040\000y\000\040\000R\000e\000s\000t\000o\000r\000e\000\040\000e\000n\000\040\000B\000a\000c\000u\000l\000a}{section.8}% 106
\BOOKMARK [3][-]{subsubsection.8.4.1}{\376\377\000O\000p\000t\000i\000m\000i\000z\000a\000c\000i\000\363\000n\000\040\000d\000e\000l\000\040\000H\000a\000r\000d\000w\000a\000r\000e}{subsection.8.4}% 107
\BOOKMARK [3][-]{subsubsection.8.4.2}{\376\377\000A\000j\000u\000s\000t\000e\000s\000\040\000e\000n\000\040\000e\000l\000\040\000S\000o\000f\000t\000w\000a\000r\000e}{subsection.8.4}% 108
\BOOKMARK [3][-]{subsubsection.8.4.3}{\376\377\000P\000l\000a\000n\000i\000f\000i\000c\000a\000c\000i\000\363\000n\000\040\000I\000n\000t\000e\000l\000i\000g\000e\000n\000t\000e\000\040}{subsection.8.4}% 109
\BOOKMARK [3][-]{subsubsection.8.4.4}{\376\377\000T\000e\000c\000n\000o\000l\000o\000g\000\355\000a\000s\000\040\000A\000v\000a\000n\000z\000a\000d\000a\000s}{subsection.8.4}% 110
\BOOKMARK [1][-]{section.9}{\376\377\000R\000e\000s\000u\000l\000t\000a\000d\000o\000s}{}% 111
\BOOKMARK [2][-]{subsection.9.1}{\376\377\000R\000e\000s\000u\000l\000t\000a\000d\000o\000s\000\040\000d\000e\000\040\000l\000a\000\040\000V\000e\000l\000o\000c\000i\000d\000a\000d\000\040\000d\000e\000\040\000B\000a\000c\000k\000u\000p\000\040\000e\000n\000\040\000D\000i\000f\000e\000r\000e\000n\000t\000e\000s\000\040\000T\000a\000m\000a\000\361\000o\000s\000\040\000d\000e\000\040\000A\000r\000c\000h\000i\000v\000o\000s}{section.9}% 112
\BOOKMARK [2][-]{subsection.9.2}{\376\377\000R\000e\000s\000u\000l\000t\000a\000d\000o\000s\000\040\000d\000e\000\040\000l\000a\000\040\000V\000e\000l\000o\000c\000i\000d\000a\000d\000\040\000d\000e\000\040\000B\000a\000c\000k\000u\000p\000\040\000d\000e\000\040\0001\000\040\000G\000B\000\040\000e\000n\000\040\000D\000i\000f\000e\000r\000e\000n\000t\000e\000s\000\040\000T\000a\000m\000a\000\361\000o\000s\000\040\000d\000e\000\040\000A\000r\000c\000h\000i\000v\000o\000s\000\040\000d\000e\000\040\000F\000r\000a\000c\000c\000i\000\363\000n\000\040\000d\000e\000\040\0001\000\040\000G\000B}{section.9}% 113
\BOOKMARK [2][-]{subsection.9.3}{\376\377\000R\000e\000s\000u\000l\000t\000a\000d\000o\000s\000\040\000d\000e\000l\000\040\000I\000m\000p\000a\000c\000t\000o\000\040\000d\000e\000\040\000l\000o\000s\000\040\000N\000i\000v\000e\000l\000e\000s\000\040\000d\000e\000\040\000C\000o\000m\000p\000r\000e\000s\000i\000\363\000n\000\040\000e\000n\000\040\000l\000a\000\040\000C\000o\000m\000p\000r\000e\000s\000i\000\363\000n\000,\000\040\000V\000e\000l\000o\000c\000i\000d\000a\000d\000\040\000y\000\040\000B\000y\000t\000e\000s\000\040\000E\000s\000c\000r\000i\000t\000o\000s}{section.9}% 114
\BOOKMARK [2][-]{subsection.9.4}{\376\377\000R\000e\000s\000u\000l\000t\000a\000d\000o\000s\000\040\000d\000e\000\040\000l\000o\000s\000\040\000T\000i\000e\000m\000p\000o\000s\000\040\000d\000e\000\040\000R\000e\000s\000t\000a\000u\000r\000a\000c\000i\000\363\000n\000\040\000p\000a\000r\000a\000\040\000l\000o\000s\000\040\000D\000i\000s\000t\000i\000n\000t\000o\000s\000\040\000T\000a\000m\000a\000\361\000o\000s\000\040\000d\000e\000\040\000A\000r\000c\000h\000i\000v\000o\000s}{section.9}% 115
\BOOKMARK [2][-]{subsection.9.5}{\376\377\000R\000e\000s\000u\000l\000t\000a\000d\000o\000s\000\040\000d\000e\000\040\000l\000a\000\040\000V\000e\000l\000o\000c\000i\000d\000a\000d\000\040\000d\000e\000\040\000R\000e\000s\000t\000a\000u\000r\000a\000c\000i\000\363\000n\000\040\000d\000e\000\040\0001\000\040\000G\000B\000\040\000e\000n\000\040\000D\000i\000f\000e\000r\000e\000n\000t\000e\000s\000\040\000T\000a\000m\000a\000\361\000o\000s\000\040\000d\000e\000\040\000A\000r\000c\000h\000i\000v\000o\000s\000\040\000d\000e\000\040\000F\000r\000a\000c\000c\000i\000\363\000n\000\040\000d\000e\000\040\0001\000\040\000G\000B}{section.9}% 116
\BOOKMARK [2][-]{subsection.9.6}{\376\377\000R\000e\000s\000u\000l\000t\000a\000d\000o\000s\000\040\000d\000e\000l\000\040\000U\000s\000o\000\040\000d\000e\000\040\000R\000e\000c\000u\000r\000s\000o\000s\000\040\000d\000u\000r\000a\000n\000t\000e\000\040\000e\000l\000\040\000B\000a\000c\000k\000u\000p}{section.9}% 117
\BOOKMARK [2][-]{subsection.9.7}{\376\377\000R\000e\000s\000u\000l\000t\000a\000d\000o\000s\000\040\000d\000e\000l\000\040\000E\000f\000e\000c\000t\000o\000\040\000d\000e\000l\000\040\000N\000\372\000m\000e\000r\000o\000\040\000d\000e\000\040\000J\000o\000b\000s\000\040\000e\000n\000\040\000e\000l\000\040\000T\000i\000e\000m\000p\000o\000\040\000d\000e\000\040\000B\000a\000c\000k\000u\000p\000\040\000d\000e\000\040\0001\000\040\000G\000B}{section.9}% 118
\BOOKMARK [2][-]{subsection.9.8}{\376\377\000R\000e\000s\000u\000l\000t\000a\000d\000o\000s\000\040\000d\000e\000\040\000l\000a\000\040\000E\000s\000t\000a\000b\000i\000l\000i\000d\000a\000d\000\040\000T\000e\000m\000p\000o\000r\000a\000l\000\040\000d\000e\000\040\000T\000i\000e\000m\000p\000o\000s\000\040\000d\000e\000\040\000B\000a\000c\000k\000u\000p\000\040\000d\000e\000\040\0001\000\040\000G\000B\000\040\000c\000a\000d\000a\000\040\0002\000\040\000M\000i\000n\000u\000t\000o\000s}{section.9}% 119
\BOOKMARK [2][-]{subsection.9.9}{\376\377\000C\000o\000s\000t\000e\000s\000\040\000d\000e\000\040\000i\000m\000p\000l\000e\000m\000e\000n\000t\000a\000c\000i\000\363\000n\000\040\000d\000e\000\040\000l\000a\000\040\000E\000s\000t\000r\000a\000t\000e\000g\000i\000a\000\040\0003\000-\0002\000-\0001\000\040\000e\000n\000\040\000B\000a\000c\000u\000l\000a}{section.9}% 120
\BOOKMARK [1][-]{section.10}{\376\377\000C\000o\000n\000c\000l\000u\000s\000i\000o\000n\000e\000s\000\040\000y\000\040\000t\000r\000a\000b\000a\000j\000o\000s\000\040\000f\000u\000t\000u\000r\000o\000s}{}% 121
\BOOKMARK [2][-]{subsection.10.1}{\376\377\000C\000o\000n\000c\000l\000u\000s\000i\000o\000n\000e\000s}{section.10}% 122
\BOOKMARK [2][-]{subsection.10.2}{\376\377\000T\000r\000a\000b\000a\000j\000o\000s\000\040\000F\000u\000t\000u\000r\000o\000s}{section.10}% 123
\BOOKMARK [1][-]{section.11}{\376\377\000G\000l\000o\000s\000a\000r\000i\000o}{}% 124
\BOOKMARK [1][-]{section.12}{\376\377\000B\000i\000b\000l\000i\000o\000g\000r\000a\000f\000\355\000a}{}% 125
\BOOKMARK [1][-]{section.13}{\376\377\000A\000n\000e\000x\000o\000s}{}% 126
\BOOKMARK [2][-]{subsection.13.1}{\376\377\000I\000n\000s\000t\000a\000l\000a\000c\000i\000\363\000n\000\040\000d\000e\000\040\000D\000e\000b\000i\000a\000n}{section.13}% 127
\BOOKMARK [2][-]{subsection.13.2}{\376\377\000C\000r\000e\000a\000r\000\040\000T\000a\000b\000l\000a\000\040\000e\000n\000\040\000l\000a\000\040\000B\000a\000s\000e\000\040\000d\000e\000\040\000D\000a\000t\000o\000s\000\040\000P\000o\000s\000t\000g\000r\000e\000S\000Q\000L}{section.13}% 128
\BOOKMARK [2][-]{subsection.13.3}{\376\377\000C\000o\000n\000f\000i\000g\000u\000r\000a\000c\000i\000\363\000n\000\040\000d\000e\000\040\000B\000a\000c\000u\000l\000a\000\040\000e\000n\000\040\000D\000e\000b\000i\000a\000n}{section.13}% 129
\BOOKMARK [2][-]{subsection.13.4}{\376\377\000W\000e\000b\000m\000i\000n}{section.13}% 130
\BOOKMARK [2][-]{subsection.13.5}{\376\377\000C\000o\000n\000f\000i\000g\000u\000r\000a\000c\000i\000\363\000n\000\040\000d\000e\000l\000\040\000A\000l\000m\000a\000c\000e\000n\000a\000m\000i\000e\000n\000t\000o\000\040\000e\000n\000\040\000B\000a\000c\000u\000l\000a}{section.13}% 131
\BOOKMARK [2][-]{subsection.13.6}{\376\377\000I\000n\000s\000t\000a\000l\000a\000c\000i\000\363\000n\000\040\000d\000e\000l\000\040\000C\000l\000i\000e\000n\000t\000e\000\040\000B\000a\000c\000u\000l\000a\000\040\000e\000n\000\040\000L\000i\000n\000u\000x}{section.13}% 132
\BOOKMARK [2][-]{subsection.13.7}{\376\377\000F\000u\000n\000c\000i\000o\000n\000a\000m\000i\000e\000n\000t\000o\000\040\000d\000e\000l\000\040\000P\000l\000u\000g\000i\000n\000\040\000b\000p\000i\000p\000e\000\040\000d\000e\000\040\000B\000a\000c\000u\000l\000a}{section.13}% 133
\BOOKMARK [2][-]{subsection.13.8}{\376\377\000V\000e\000r\000i\000f\000i\000c\000a\000r\000\040\000l\000a\000\040\000C\000o\000r\000r\000e\000c\000t\000a\000\040\000S\000i\000n\000t\000a\000x\000i\000s\000\040\000d\000e\000\040\000l\000o\000s\000\040\000A\000r\000c\000h\000i\000v\000o\000s\000\040\000d\000e\000\040\000C\000o\000n\000f\000i\000g\000u\000r\000a\000c\000i\000\363\000n}{section.13}% 134
\BOOKMARK [2][-]{subsection.13.9}{\376\377\000I\000n\000s\000t\000a\000l\000a\000r\000\040\000B\000a\000c\000u\000l\000a\000\040\000C\000l\000i\000e\000n\000t\000\040\000e\000n\000\040\000W\000i\000n\000d\000o\000w\000s}{section.13}% 135
\BOOKMARK [2][-]{subsection.13.10}{\376\377\000R\000e\000a\000l\000i\000z\000a\000r\000\040\000b\000a\000c\000k\000u\000p\000\040\000e\000n\000\040\000W\000i\000n\000d\000o\000w\000s\000\040\000c\000o\000n\000\040\000B\000a\000c\000u\000l\000a}{section.13}% 136
\BOOKMARK [2][-]{subsection.13.11}{\376\377\000R\000e\000a\000l\000i\000z\000a\000r\000\040\000R\000e\000s\000t\000o\000r\000e\000\040\000e\000n\000\040\000W\000i\000n\000d\000o\000w\000s}{section.13}% 137
